Change Component Designator: Old Designator=C New Designator=C1
Change Component Designator: Old Designator=C New Designator=C2
Change Component Designator: Old Designator=C New Designator=C3
Change Component Designator: Old Designator=C New Designator=C4
Change Component Designator: Old Designator=C? New Designator=C5
Change Component Designator: Old Designator=C? New Designator=C6
Change Component Designator: Old Designator=C? New Designator=C7
Change Component Designator: Old Designator=C? New Designator=C8
Change Component Designator: Old Designator=C? New Designator=C9
Change Component Designator: Old Designator=D New Designator=D1
Change Component Designator: Old Designator=D New Designator=D2
Change Component Designator: Old Designator=D New Designator=D3
Change Component Designator: Old Designator=FM New Designator=FM1
Change Component Designator: Old Designator=J New Designator=J1
Change Component Designator: Old Designator=J New Designator=J2
Change Component Designator: Old Designator=J New Designator=J3
Change Component Designator: Old Designator=J New Designator=J4
Change Component Designator: Old Designator=J New Designator=J5
Change Component Designator: Old Designator=J New Designator=J6
Change Component Designator: Old Designator=J New Designator=J7
Change Component Designator: Old Designator=K? New Designator=K1
Change Component Designator: Old Designator=LED? New Designator=LED1
Change Component Designator: Old Designator=Module New Designator=Module1
Change Component Designator: Old Designator=Q? New Designator=Q1
Change Component Designator: Old Designator=R New Designator=R1
Change Component Designator: Old Designator=R New Designator=R2
Change Component Designator: Old Designator=R New Designator=R3
Change Component Designator: Old Designator=R New Designator=R4
Change Component Designator: Old Designator=R New Designator=R5
Change Component Designator: Old Designator=R New Designator=R6
Change Component Designator: Old Designator=R New Designator=R9
Change Component Designator: Old Designator=R New Designator=R10
Change Component Designator: Old Designator=R New Designator=R11
Change Component Designator: Old Designator=R New Designator=R12
Change Component Designator: Old Designator=R? New Designator=R7
Change Component Designator: Old Designator=R? New Designator=R8
Change Component Designator: Old Designator=R? New Designator=R13
Change Component Designator: Old Designator=R? New Designator=R14
Change Component Designator: Old Designator=RGB New Designator=RGB1
Change Component Designator: Old Designator=U New Designator=U4
Change Component Designator: Old Designator=U New Designator=U4
Change Component Designator: Old Designator=U New Designator=U5
Change Component Designator: Old Designator=U New Designator=U6
Change Component Designator: Old Designator=U? New Designator=U1
Change Component Designator: Old Designator=U? New Designator=U2
Change Component Designator: Old Designator=U? New Designator=U3
Change Component Designator: Old Designator=USB? New Designator=USB1
Change Component Designator: Old Designator=Y? New Designator=Y1
Change Component Designator: Old Designator=Y? New Designator=Y2
Change Component Designator: Old Designator=Y? New Designator=Y3
