Removed Pin From Net: NetName=VCC3.3V Pin=J3-1
Removed Pin From Net: NetName=VCC3.3V Pin=J4-1
Removed Pin From Net: NetName=VCC5V Pin=R12-1
Removed Pin From Net: NetName=VCC5V Pin=RGB1-4
Removed Member From Class: ClassName=ClassDesign Member=D3
Change Component Designator: OldDesignator=C1 NewDesignator=C3
Change Component Designator: OldDesignator=C2 NewDesignator=C4
Change Component Designator: OldDesignator=C3 NewDesignator=C5
Change Component Designator: OldDesignator=C4 NewDesignator=C6
Change Component Designator: OldDesignator=C5 NewDesignator=C9
Change Component Designator: OldDesignator=C6 NewDesignator=C12
Change Component Designator: OldDesignator=C7 NewDesignator=C13
Change Component Designator: OldDesignator=C8 NewDesignator=C14
Change Component Designator: OldDesignator=C9 NewDesignator=C15
Change Component Designator: OldDesignator=R1 NewDesignator=R3
Change Component Designator: OldDesignator=R2 NewDesignator=R4
Change Component Designator: OldDesignator=R3 NewDesignator=R6
Change Component Designator: OldDesignator=R4 NewDesignator=R7
Change Component Designator: OldDesignator=R5 NewDesignator=R8
Change Component Designator: OldDesignator=R6 NewDesignator=R9
Change Component Designator: OldDesignator=R7 NewDesignator=R14
Change Component Designator: OldDesignator=R8 NewDesignator=R15
Change Component Designator: OldDesignator=R9 NewDesignator=R16
Change Component Designator: OldDesignator=R10 NewDesignator=R17
Change Component Designator: OldDesignator=R11 NewDesignator=R18
Change Component Designator: OldDesignator=R13 NewDesignator=R19
Change Component Designator: OldDesignator=R14 NewDesignator=R20
Added Component: Designator=C1(CAP_0805)
Added Component: Designator=C2(CAP_0805)
Added Component: Designator=C7(CAP_0805)
Added Component: Designator=C8(CAP_0805)
Added Component: Designator=C10(CAP_0805)
Added Component: Designator=C11(CAP_0805)
Added Component: Designator=C16(CAP_0805)
Added Component: Designator=C17(CAP_0805)
Added Component: Designator=C18(CAP_0805)
Added Component: Designator=C19(CAP_0805)
Added Component: Designator=R1(RES_0805)
Added Component: Designator=R2(RES_0805)
Added Component: Designator=R5(RES_POT-3362P)
Added Component: Designator=R10(RES_0805)
Added Component: Designator=R11(RES_0805)
Added Component: Designator=R12(RES_0805)
Added Component: Designator=R13(RES_0805)
Added Component: Designator=SW1(Switch_6)
Added Component: Designator=U5(SOT-223_3)
Added Component: Designator=USB2(USB_Micro_DIP41)
Added Pin To Net: NetName=GND Pin=C1-1
Added Pin To Net: NetName=VCC5V Pin=C1-2
Added Pin To Net: NetName=GND Pin=C2-2
Added Pin To Net: NetName=VCC5V Pin=C7-1
Added Pin To Net: NetName=GND Pin=C7-2
Added Pin To Net: NetName=VCC3.3V Pin=C8-1
Added Pin To Net: NetName=GND Pin=C8-2
Added Pin To Net: NetName=VCC5V Pin=C10-1
Added Pin To Net: NetName=GND Pin=C10-2
Added Pin To Net: NetName=VCC3.3V Pin=C11-1
Added Pin To Net: NetName=GND Pin=C11-2
Added Pin To Net: NetName=VCC3.3V Pin=C16-1
Added Pin To Net: NetName=GND Pin=C16-2
Added Pin To Net: NetName=VCC3.3V Pin=C17-1
Added Pin To Net: NetName=GND Pin=C17-2
Added Pin To Net: NetName=VCC3.3V Pin=C18-1
Added Pin To Net: NetName=GND Pin=C18-2
Added Pin To Net: NetName=VCC3.3V Pin=C19-1
Added Pin To Net: NetName=GND Pin=C19-2
Added Pin To Net: NetName=VCC5V Pin=R1-2
Added Pin To Net: NetName=VCC3.3V Pin=R2-2
Added Pin To Net: NetName=VCC3.3V Pin=R10-2
Added Pin To Net: NetName=VCC3.3V Pin=R11-2
Added Pin To Net: NetName=VCC5V Pin=R12-2
Added Pin To Net: NetName=VCC5V Pin=R13-2
Added Pin To Net: NetName=VCC3.3V Pin=RGB1-4
Added Pin To Net: NetName=VCC5V Pin=SW1-3
Added Pin To Net: NetName=VCC5V Pin=SW1-4
Added Pin To Net: NetName=MAX7219_CLK Pin=U4-2
Added Pin To Net: NetName=MAX7219_CS Pin=U4-21
Added Pin To Net: NetName=GND Pin=U5-1
Added Pin To Net: NetName=VCC3.3V Pin=U5-2
Added Pin To Net: NetName=VCC5V Pin=U5-3
Added Pin To Net: NetName=VCC3.3V Pin=U5-4
Added Pin To Net: NetName=GND Pin=U6-1
Added Pin To Net: NetName=VCC3.3V Pin=U6-2
Added Pin To Net: NetName=VCC5V Pin=U6-3
Added Pin To Net: NetName=VCC3.3V Pin=U6-4
Added Pin To Net: NetName=GND Pin=USB2-5
Added Pin To Net: NetName=GND Pin=USB2-H1
Added Pin To Net: NetName=GND Pin=USB2-H2
Added Pin To Net: NetName=GND Pin=USB2-H3
Added Pin To Net: NetName=GND Pin=USB2-H4
Change Net Name : Old Net Name=NetC2_2 New Net Name=NetC4_2
Change Net Name : Old Net Name=NetC3_2 New Net Name=NetC5_2
Change Net Name : Old Net Name=NetC4_2 New Net Name=NetC6_2
Change Net Name : Old Net Name=NetC5_2 New Net Name=NetC9_2
Change Net Name : Old Net Name=NetC6_2 New Net Name=NetC12_2
Change Net Name : Old Net Name=NetC7_1 New Net Name=NetC13_1
Change Net Name : Old Net Name=NetC9_1 New Net Name=NetC15_1
Change Net Name : Old Net Name=NetR7_1 New Net Name=NetR14_1
Change Net Name : Old Net Name=NetR8_1 New Net Name=NetR15_1
Change Net Name : Old Net Name=NetR9_1 New Net Name=NetR16_1
Change Net Name : Old Net Name=PB11_RX New Net Name=MAX7219_DIN
Added Pin To Net: NetName=NetC2_1 Pin=C2-1
Added Pin To Net: NetName=NetC2_1 Pin=R1-1
Added Pin To Net: NetName=NetC2_1 Pin=R2-1
Added Pin To Net: NetName=NetC2_1 Pin=R5-2
Added Pin To Net: NetName=NetC2_1 Pin=U1-19
Added Net: Name=NetC2_1
Added Pin To Net: NetName=NetR5_1 Pin=R5-1
Added Pin To Net: NetName=NetR5_1 Pin=U1-18
Added Net: Name=NetR5_1
Added Pin To Net: NetName=POWERIN Pin=SW1-2
Added Pin To Net: NetName=POWERIN Pin=SW1-5
Added Pin To Net: NetName=POWERIN Pin=USB2-1
Added Net: Name=POWERIN
Added Pin To Net: NetName=VCCOFESP8266 Pin=J4-1
Added Pin To Net: NetName=VCCOFESP8266 Pin=R10-1
Added Pin To Net: NetName=VCCOFESP8266 Pin=R12-1
Added Net: Name=VCCOFESP8266
Added Pin To Net: NetName=VCCOFRFID Pin=J3-1
Added Pin To Net: NetName=VCCOFRFID Pin=R11-1
Added Pin To Net: NetName=VCCOFRFID Pin=R13-1
Added Net: Name=VCCOFRFID
Added Member To Class: ClassName=ClassDesign Member=Component C10 104
Added Member To Class: ClassName=ClassDesign Member=Component C11 104
Added Member To Class: ClassName=ClassDesign Member=Component C12 12p
Added Member To Class: ClassName=ClassDesign Member=Component C13 12p
Added Member To Class: ClassName=ClassDesign Member=Component C14 104
Added Member To Class: ClassName=ClassDesign Member=Component C15 12p
Added Member To Class: ClassName=ClassDesign Member=Component C16 104
Added Member To Class: ClassName=ClassDesign Member=Component C17 104
Added Member To Class: ClassName=ClassDesign Member=Component C18 104
Added Member To Class: ClassName=ClassDesign Member=Component C19 104
Added Member To Class: ClassName=ClassDesign Member=Component R15 240
Added Member To Class: ClassName=ClassDesign Member=Component R16 240
Added Member To Class: ClassName=ClassDesign Member=Component R17 10k
Added Member To Class: ClassName=ClassDesign Member=Component R18 1k
Added Member To Class: ClassName=ClassDesign Member=Component R19 10k
Added Member To Class: ClassName=ClassDesign Member=Component R20 1.2M¶∏
Added Member To Class: ClassName=ClassDesign Member=Component SW1 Switch-DIP6
Added Member To Class: ClassName=ClassDesign Member=Component USB2 π©µÁUSB
Added Room: Name=ClassDesign
