Added Component: Designator=C(CAP_0805)
Added Component: Designator=D(LED_0805_R)
Added Component: Designator=FM(BUZZ-12*7.5)
Added Component: Designator=J(Header 2.54X4)
Added Component: Designator=J(Header 2.54_2X3)
Added Component: Designator=J(Header 2.54X7)
Added Component: Designator=K(SW_SMD_6.1*3.7)
Added Component: Designator=K(TSW DIP-6*6*6)
Added Component: Designator=LED?(DISP_0.56_4)
Added Component: Designator=Module(Header F 2.54X4)
Added Component: Designator=Q?(TO_92A)
Added Component: Designator=RGB(LED_3528_RGB)
Added Component: Designator=R(RES_0805)
Added Component: Designator=U?(DIP_24)
Added Component: Designator=U?(SOP-16)
Added Component: Designator=USB?(USB_Micro_DIP41)
Added Component: Designator=U(SOT-223_3)
Added Component: Designator=U(SOT-223_3)
Added Component: Designator=U(LQFP_64_10X10)
Added Component: Designator=Y?(XTAL-D2X6)
Added Component: Designator=Y?(XTAL1)
Added Class: Name=ClassDesign
Added Room: Name=ClassDesign
